2026-04-07T13:18:24.0834392+05:30 | ERROR | Error fetching camera list for siteId=202604021453434202. Error: Error parsing column 0 (CameraId=d9aa1624-4919-46de-b7c3-b9cca57229de - Guid)
System.Data.DataException: Error parsing column 0 (CameraId=d9aa1624-4919-46de-b7c3-b9cca57229de - Guid)
 ---> System.InvalidCastException: Object must implement IConvertible.
   at System.Convert.ChangeType(Object value, Type conversionType, IFormatProvider provider)
   at Deserializee4b5ed7e-1471-4a5f-8211-807dafae9d46(DbDataReader)
   --- End of inner exception stack trace ---
   at Dapper.SqlMapper.ThrowDataException(Exception ex, Int32 index, IDataReader reader, Object value) in /_/Dapper/SqlMapper.cs:line 3966
   at Deserializee4b5ed7e-1471-4a5f-8211-807dafae9d46(DbDataReader)
   at Dapper.SqlMapper.QueryAsync[T](IDbConnection cnn, Type effectiveType, CommandDefinition command) in /_/Dapper/SqlMapper.Async.cs:line 454
   at IconnectDashboardGateway.Infrastructure.DataAccess.CameraRepository.GetCamerasAsync(String siteId, CameraListFilter filter, CancellationToken cancellationToken) in C:\Rawdata Git\Milestone-Dashboard-API\IconnectDashboardGateway.Infrastructure\DataAccess\CameraRepository.cs:line 113
   at IconnectDashboardGateway.Infrastructure.DataAccess.CameraRepository.GetCamerasAsync(String siteId, CameraListFilter filter, CancellationToken cancellationToken) in C:\Rawdata Git\Milestone-Dashboard-API\IconnectDashboardGateway.Infrastructure\DataAccess\CameraRepository.cs:line 127

2026-04-07T13:20:32.1220776+05:30 | ERROR | Error fetching camera list for siteId=202604021453434202. Error: Error parsing column 0 (CameraId=d9aa1624-4919-46de-b7c3-b9cca57229de - Guid)
System.Data.DataException: Error parsing column 0 (CameraId=d9aa1624-4919-46de-b7c3-b9cca57229de - Guid)
 ---> System.InvalidCastException: Object must implement IConvertible.
   at System.Convert.ChangeType(Object value, Type conversionType, IFormatProvider provider)
   at Deserializee4b5ed7e-1471-4a5f-8211-807dafae9d46(DbDataReader)
   --- End of inner exception stack trace ---
   at Dapper.SqlMapper.ThrowDataException(Exception ex, Int32 index, IDataReader reader, Object value) in /_/Dapper/SqlMapper.cs:line 3966
   at Deserializee4b5ed7e-1471-4a5f-8211-807dafae9d46(DbDataReader)
   at Dapper.SqlMapper.QueryAsync[T](IDbConnection cnn, Type effectiveType, CommandDefinition command) in /_/Dapper/SqlMapper.Async.cs:line 454
   at IconnectDashboardGateway.Infrastructure.DataAccess.CameraRepository.GetCamerasAsync(String siteId, CameraListFilter filter, CancellationToken cancellationToken) in C:\Rawdata Git\Milestone-Dashboard-API\IconnectDashboardGateway.Infrastructure\DataAccess\CameraRepository.cs:line 113
   at IconnectDashboardGateway.Infrastructure.DataAccess.CameraRepository.GetCamerasAsync(String siteId, CameraListFilter filter, CancellationToken cancellationToken) in C:\Rawdata Git\Milestone-Dashboard-API\IconnectDashboardGateway.Infrastructure\DataAccess\CameraRepository.cs:line 127

